# Logfile created on Thu Mar 19 11:37:31 +0100 2009 by /
Unable to load roles_user, underlying cause no such file to load -- roles_user 

 /Library/Ruby/Site/1.8/rubygems/custom_require.rb:31:in `gem_original_require'
/Library/Ruby/Site/1.8/rubygems/custom_require.rb:31:in `require'
/Users/peter/src/newsdesk/vendor/rails/activesupport/lib/active_support/dependencies.rb:158:in `require'
/Users/peter/src/newsdesk/vendor/rails/activesupport/lib/active_support/dependencies.rb:265:in `require_or_load'
/Users/peter/src/newsdesk/vendor/rails/activesupport/lib/active_support/dependencies.rb:224:in `depend_on'
/Users/peter/src/newsdesk/vendor/rails/activesupport/lib/active_support/dependencies.rb:136:in `require_dependency'
/Users/peter/src/newsdesk/vendor/rails/activerecord/lib/active_record/fixtures.rb:850:in `try_to_load_dependency'
/Users/peter/src/newsdesk/vendor/rails/activerecord/lib/active_record/fixtures.rb:865:in `require_fixture_classes'
/Users/peter/src/newsdesk/vendor/rails/activerecord/lib/active_record/fixtures.rb:862:in `each'
/Users/peter/src/newsdesk/vendor/rails/activerecord/lib/active_record/fixtures.rb:862:in `require_fixture_classes'
/Users/peter/src/newsdesk/vendor/rails/activerecord/lib/active_record/fixtures.rb:845:in `fixtures'
/Users/peter/src/newsdesk/vendor/gems/rspec-rails-1.2.0/lib/spec/rails/extensions/spec/runner/configuration.rb:39:in `global_fixtures='
/Users/peter/src/newsdesk/vendor/plugins/translate/spec/../../../../spec/spec_helper.rb:28
/Library/Ruby/Gems/1.8/gems/rspec-1.2.0/lib/spec/runner.rb:40:in `configure'
/Users/peter/src/newsdesk/vendor/plugins/translate/spec/../../../../spec/spec_helper.rb:10
/Library/Ruby/Site/1.8/rubygems/custom_require.rb:31:in `gem_original_require'
/Library/Ruby/Site/1.8/rubygems/custom_require.rb:31:in `require'
/Users/peter/src/newsdesk/vendor/rails/activesupport/lib/active_support/dependencies.rb:158:in `require'
/Users/peter/src/newsdesk/vendor/plugins/translate/spec/spec_helper.rb:2
/Library/Ruby/Site/1.8/rubygems/custom_require.rb:31:in `gem_original_require'
/Library/Ruby/Site/1.8/rubygems/custom_require.rb:31:in `require'
/Users/peter/src/newsdesk/vendor/rails/activesupport/lib/active_support/dependencies.rb:158:in `require'
./spec/controllers/translate_controller_spec.rb:1
/Users/peter/src/newsdesk/vendor/rails/activesupport/lib/active_support/dependencies.rb:147:in `load_without_new_constant_marking'
/Users/peter/src/newsdesk/vendor/rails/activesupport/lib/active_support/dependencies.rb:147:in `load'
/Library/Ruby/Gems/1.8/gems/rspec-1.2.0/lib/spec/runner/example_group_runner.rb:15:in `load_files'
/Library/Ruby/Gems/1.8/gems/rspec-1.2.0/lib/spec/runner/example_group_runner.rb:14:in `each'
/Library/Ruby/Gems/1.8/gems/rspec-1.2.0/lib/spec/runner/example_group_runner.rb:14:in `load_files'
/Library/Ruby/Gems/1.8/gems/rspec-1.2.0/lib/spec/runner/options.rb:87:in `run_examples'
/Library/Ruby/Gems/1.8/gems/rspec-1.2.0/lib/spec/runner/command_line.rb:9:in `run'
/Library/Ruby/Gems/1.8/gems/rspec-1.2.0/bin/spec:4
Unable to load rights_role, underlying cause no such file to load -- rights_role 

 /Library/Ruby/Site/1.8/rubygems/custom_require.rb:31:in `gem_original_require'
/Library/Ruby/Site/1.8/rubygems/custom_require.rb:31:in `require'
/Users/peter/src/newsdesk/vendor/rails/activesupport/lib/active_support/dependencies.rb:158:in `require'
/Users/peter/src/newsdesk/vendor/rails/activesupport/lib/active_support/dependencies.rb:265:in `require_or_load'
/Users/peter/src/newsdesk/vendor/rails/activesupport/lib/active_support/dependencies.rb:224:in `depend_on'
/Users/peter/src/newsdesk/vendor/rails/activesupport/lib/active_support/dependencies.rb:136:in `require_dependency'
/Users/peter/src/newsdesk/vendor/rails/activerecord/lib/active_record/fixtures.rb:850:in `try_to_load_dependency'
/Users/peter/src/newsdesk/vendor/rails/activerecord/lib/active_record/fixtures.rb:865:in `require_fixture_classes'
/Users/peter/src/newsdesk/vendor/rails/activerecord/lib/active_record/fixtures.rb:862:in `each'
/Users/peter/src/newsdesk/vendor/rails/activerecord/lib/active_record/fixtures.rb:862:in `require_fixture_classes'
/Users/peter/src/newsdesk/vendor/rails/activerecord/lib/active_record/fixtures.rb:845:in `fixtures'
/Users/peter/src/newsdesk/vendor/gems/rspec-rails-1.2.0/lib/spec/rails/extensions/spec/runner/configuration.rb:39:in `global_fixtures='
/Users/peter/src/newsdesk/vendor/plugins/translate/spec/../../../../spec/spec_helper.rb:28
/Library/Ruby/Gems/1.8/gems/rspec-1.2.0/lib/spec/runner.rb:40:in `configure'
/Users/peter/src/newsdesk/vendor/plugins/translate/spec/../../../../spec/spec_helper.rb:10
/Library/Ruby/Site/1.8/rubygems/custom_require.rb:31:in `gem_original_require'
/Library/Ruby/Site/1.8/rubygems/custom_require.rb:31:in `require'
/Users/peter/src/newsdesk/vendor/rails/activesupport/lib/active_support/dependencies.rb:158:in `require'
/Users/peter/src/newsdesk/vendor/plugins/translate/spec/spec_helper.rb:2
/Library/Ruby/Site/1.8/rubygems/custom_require.rb:31:in `gem_original_require'
/Library/Ruby/Site/1.8/rubygems/custom_require.rb:31:in `require'
/Users/peter/src/newsdesk/vendor/rails/activesupport/lib/active_support/dependencies.rb:158:in `require'
./spec/controllers/translate_controller_spec.rb:1
/Users/peter/src/newsdesk/vendor/rails/activesupport/lib/active_support/dependencies.rb:147:in `load_without_new_constant_marking'
/Users/peter/src/newsdesk/vendor/rails/activesupport/lib/active_support/dependencies.rb:147:in `load'
/Library/Ruby/Gems/1.8/gems/rspec-1.2.0/lib/spec/runner/example_group_runner.rb:15:in `load_files'
/Library/Ruby/Gems/1.8/gems/rspec-1.2.0/lib/spec/runner/example_group_runner.rb:14:in `each'
/Library/Ruby/Gems/1.8/gems/rspec-1.2.0/lib/spec/runner/example_group_runner.rb:14:in `load_files'
/Library/Ruby/Gems/1.8/gems/rspec-1.2.0/lib/spec/runner/options.rb:87:in `run_examples'
/Library/Ruby/Gems/1.8/gems/rspec-1.2.0/lib/spec/runner/command_line.rb:9:in `run'
/Library/Ruby/Gems/1.8/gems/rspec-1.2.0/bin/spec:4
Unable to load tag, underlying cause no such file to load -- tag 

 /Library/Ruby/Site/1.8/rubygems/custom_require.rb:31:in `gem_original_require'
/Library/Ruby/Site/1.8/rubygems/custom_require.rb:31:in `require'
/Users/peter/src/newsdesk/vendor/rails/activesupport/lib/active_support/dependencies.rb:158:in `require'
/Users/peter/src/newsdesk/vendor/rails/activesupport/lib/active_support/dependencies.rb:265:in `require_or_load'
/Users/peter/src/newsdesk/vendor/rails/activesupport/lib/active_support/dependencies.rb:224:in `depend_on'
/Users/peter/src/newsdesk/vendor/rails/activesupport/lib/active_support/dependencies.rb:136:in `require_dependency'
/Users/peter/src/newsdesk/vendor/rails/activerecord/lib/active_record/fixtures.rb:850:in `try_to_load_dependency'
/Users/peter/src/newsdesk/vendor/rails/activerecord/lib/active_record/fixtures.rb:865:in `require_fixture_classes'
/Users/peter/src/newsdesk/vendor/rails/activerecord/lib/active_record/fixtures.rb:862:in `each'
/Users/peter/src/newsdesk/vendor/rails/activerecord/lib/active_record/fixtures.rb:862:in `require_fixture_classes'
/Users/peter/src/newsdesk/vendor/rails/activerecord/lib/active_record/fixtures.rb:845:in `fixtures'
/Users/peter/src/newsdesk/vendor/gems/rspec-rails-1.2.0/lib/spec/rails/extensions/spec/runner/configuration.rb:39:in `global_fixtures='
/Users/peter/src/newsdesk/vendor/plugins/translate/spec/../../../../spec/spec_helper.rb:28
/Library/Ruby/Gems/1.8/gems/rspec-1.2.0/lib/spec/runner.rb:40:in `configure'
/Users/peter/src/newsdesk/vendor/plugins/translate/spec/../../../../spec/spec_helper.rb:10
/Library/Ruby/Site/1.8/rubygems/custom_require.rb:31:in `gem_original_require'
/Library/Ruby/Site/1.8/rubygems/custom_require.rb:31:in `require'
/Users/peter/src/newsdesk/vendor/rails/activesupport/lib/active_support/dependencies.rb:158:in `require'
/Users/peter/src/newsdesk/vendor/plugins/translate/spec/spec_helper.rb:2
/Library/Ruby/Site/1.8/rubygems/custom_require.rb:31:in `gem_original_require'
/Library/Ruby/Site/1.8/rubygems/custom_require.rb:31:in `require'
/Users/peter/src/newsdesk/vendor/rails/activesupport/lib/active_support/dependencies.rb:158:in `require'
./spec/controllers/translate_controller_spec.rb:1
/Users/peter/src/newsdesk/vendor/rails/activesupport/lib/active_support/dependencies.rb:147:in `load_without_new_constant_marking'
/Users/peter/src/newsdesk/vendor/rails/activesupport/lib/active_support/dependencies.rb:147:in `load'
/Library/Ruby/Gems/1.8/gems/rspec-1.2.0/lib/spec/runner/example_group_runner.rb:15:in `load_files'
/Library/Ruby/Gems/1.8/gems/rspec-1.2.0/lib/spec/runner/example_group_runner.rb:14:in `each'
/Library/Ruby/Gems/1.8/gems/rspec-1.2.0/lib/spec/runner/example_group_runner.rb:14:in `load_files'
/Library/Ruby/Gems/1.8/gems/rspec-1.2.0/lib/spec/runner/options.rb:87:in `run_examples'
/Library/Ruby/Gems/1.8/gems/rspec-1.2.0/lib/spec/runner/command_line.rb:9:in `run'
/Library/Ruby/Gems/1.8/gems/rspec-1.2.0/bin/spec:4
Unable to load tagging, underlying cause no such file to load -- tagging 

 /Library/Ruby/Site/1.8/rubygems/custom_require.rb:31:in `gem_original_require'
/Library/Ruby/Site/1.8/rubygems/custom_require.rb:31:in `require'
/Users/peter/src/newsdesk/vendor/rails/activesupport/lib/active_support/dependencies.rb:158:in `require'
/Users/peter/src/newsdesk/vendor/rails/activesupport/lib/active_support/dependencies.rb:265:in `require_or_load'
/Users/peter/src/newsdesk/vendor/rails/activesupport/lib/active_support/dependencies.rb:224:in `depend_on'
/Users/peter/src/newsdesk/vendor/rails/activesupport/lib/active_support/dependencies.rb:136:in `require_dependency'
/Users/peter/src/newsdesk/vendor/rails/activerecord/lib/active_record/fixtures.rb:850:in `try_to_load_dependency'
/Users/peter/src/newsdesk/vendor/rails/activerecord/lib/active_record/fixtures.rb:865:in `require_fixture_classes'
/Users/peter/src/newsdesk/vendor/rails/activerecord/lib/active_record/fixtures.rb:862:in `each'
/Users/peter/src/newsdesk/vendor/rails/activerecord/lib/active_record/fixtures.rb:862:in `require_fixture_classes'
/Users/peter/src/newsdesk/vendor/rails/activerecord/lib/active_record/fixtures.rb:845:in `fixtures'
/Users/peter/src/newsdesk/vendor/gems/rspec-rails-1.2.0/lib/spec/rails/extensions/spec/runner/configuration.rb:39:in `global_fixtures='
/Users/peter/src/newsdesk/vendor/plugins/translate/spec/../../../../spec/spec_helper.rb:28
/Library/Ruby/Gems/1.8/gems/rspec-1.2.0/lib/spec/runner.rb:40:in `configure'
/Users/peter/src/newsdesk/vendor/plugins/translate/spec/../../../../spec/spec_helper.rb:10
/Library/Ruby/Site/1.8/rubygems/custom_require.rb:31:in `gem_original_require'
/Library/Ruby/Site/1.8/rubygems/custom_require.rb:31:in `require'
/Users/peter/src/newsdesk/vendor/rails/activesupport/lib/active_support/dependencies.rb:158:in `require'
/Users/peter/src/newsdesk/vendor/plugins/translate/spec/spec_helper.rb:2
/Library/Ruby/Site/1.8/rubygems/custom_require.rb:31:in `gem_original_require'
/Library/Ruby/Site/1.8/rubygems/custom_require.rb:31:in `require'
/Users/peter/src/newsdesk/vendor/rails/activesupport/lib/active_support/dependencies.rb:158:in `require'
./spec/controllers/translate_controller_spec.rb:1
/Users/peter/src/newsdesk/vendor/rails/activesupport/lib/active_support/dependencies.rb:147:in `load_without_new_constant_marking'
/Users/peter/src/newsdesk/vendor/rails/activesupport/lib/active_support/dependencies.rb:147:in `load'
/Library/Ruby/Gems/1.8/gems/rspec-1.2.0/lib/spec/runner/example_group_runner.rb:15:in `load_files'
/Library/Ruby/Gems/1.8/gems/rspec-1.2.0/lib/spec/runner/example_group_runner.rb:14:in `each'
/Library/Ruby/Gems/1.8/gems/rspec-1.2.0/lib/spec/runner/example_group_runner.rb:14:in `load_files'
/Library/Ruby/Gems/1.8/gems/rspec-1.2.0/lib/spec/runner/options.rb:87:in `run_examples'
/Library/Ruby/Gems/1.8/gems/rspec-1.2.0/lib/spec/runner/command_line.rb:9:in `run'
/Library/Ruby/Gems/1.8/gems/rspec-1.2.0/bin/spec:4
Unable to load category_translation, underlying cause no such file to load -- category_translation 

 /Library/Ruby/Site/1.8/rubygems/custom_require.rb:31:in `gem_original_require'
/Library/Ruby/Site/1.8/rubygems/custom_require.rb:31:in `require'
/Users/peter/src/newsdesk/vendor/rails/activesupport/lib/active_support/dependencies.rb:158:in `require'
/Users/peter/src/newsdesk/vendor/rails/activesupport/lib/active_support/dependencies.rb:265:in `require_or_load'
/Users/peter/src/newsdesk/vendor/rails/activesupport/lib/active_support/dependencies.rb:224:in `depend_on'
/Users/peter/src/newsdesk/vendor/rails/activesupport/lib/active_support/dependencies.rb:136:in `require_dependency'
/Users/peter/src/newsdesk/vendor/rails/activerecord/lib/active_record/fixtures.rb:850:in `try_to_load_dependency'
/Users/peter/src/newsdesk/vendor/rails/activerecord/lib/active_record/fixtures.rb:865:in `require_fixture_classes'
/Users/peter/src/newsdesk/vendor/rails/activerecord/lib/active_record/fixtures.rb:862:in `each'
/Users/peter/src/newsdesk/vendor/rails/activerecord/lib/active_record/fixtures.rb:862:in `require_fixture_classes'
/Users/peter/src/newsdesk/vendor/rails/activerecord/lib/active_record/fixtures.rb:845:in `fixtures'
/Users/peter/src/newsdesk/vendor/gems/rspec-rails-1.2.0/lib/spec/rails/extensions/spec/runner/configuration.rb:39:in `global_fixtures='
/Users/peter/src/newsdesk/vendor/plugins/translate/spec/../../../../spec/spec_helper.rb:28
/Library/Ruby/Gems/1.8/gems/rspec-1.2.0/lib/spec/runner.rb:40:in `configure'
/Users/peter/src/newsdesk/vendor/plugins/translate/spec/../../../../spec/spec_helper.rb:10
/Library/Ruby/Site/1.8/rubygems/custom_require.rb:31:in `gem_original_require'
/Library/Ruby/Site/1.8/rubygems/custom_require.rb:31:in `require'
/Users/peter/src/newsdesk/vendor/rails/activesupport/lib/active_support/dependencies.rb:158:in `require'
/Users/peter/src/newsdesk/vendor/plugins/translate/spec/spec_helper.rb:2
/Library/Ruby/Site/1.8/rubygems/custom_require.rb:31:in `gem_original_require'
/Library/Ruby/Site/1.8/rubygems/custom_require.rb:31:in `require'
/Users/peter/src/newsdesk/vendor/rails/activesupport/lib/active_support/dependencies.rb:158:in `require'
./spec/controllers/translate_controller_spec.rb:1
/Users/peter/src/newsdesk/vendor/rails/activesupport/lib/active_support/dependencies.rb:147:in `load_without_new_constant_marking'
/Users/peter/src/newsdesk/vendor/rails/activesupport/lib/active_support/dependencies.rb:147:in `load'
/Library/Ruby/Gems/1.8/gems/rspec-1.2.0/lib/spec/runner/example_group_runner.rb:15:in `load_files'
/Library/Ruby/Gems/1.8/gems/rspec-1.2.0/lib/spec/runner/example_group_runner.rb:14:in `each'
/Library/Ruby/Gems/1.8/gems/rspec-1.2.0/lib/spec/runner/example_group_runner.rb:14:in `load_files'
/Library/Ruby/Gems/1.8/gems/rspec-1.2.0/lib/spec/runner/options.rb:87:in `run_examples'
/Library/Ruby/Gems/1.8/gems/rspec-1.2.0/lib/spec/runner/command_line.rb:9:in `run'
/Library/Ruby/Gems/1.8/gems/rspec-1.2.0/bin/spec:4
Unable to load categories_source, underlying cause no such file to load -- categories_source 

 /Library/Ruby/Site/1.8/rubygems/custom_require.rb:31:in `gem_original_require'
/Library/Ruby/Site/1.8/rubygems/custom_require.rb:31:in `require'
/Users/peter/src/newsdesk/vendor/rails/activesupport/lib/active_support/dependencies.rb:158:in `require'
/Users/peter/src/newsdesk/vendor/rails/activesupport/lib/active_support/dependencies.rb:265:in `require_or_load'
/Users/peter/src/newsdesk/vendor/rails/activesupport/lib/active_support/dependencies.rb:224:in `depend_on'
/Users/peter/src/newsdesk/vendor/rails/activesupport/lib/active_support/dependencies.rb:136:in `require_dependency'
/Users/peter/src/newsdesk/vendor/rails/activerecord/lib/active_record/fixtures.rb:850:in `try_to_load_dependency'
/Users/peter/src/newsdesk/vendor/rails/activerecord/lib/active_record/fixtures.rb:865:in `require_fixture_classes'
/Users/peter/src/newsdesk/vendor/rails/activerecord/lib/active_record/fixtures.rb:862:in `each'
/Users/peter/src/newsdesk/vendor/rails/activerecord/lib/active_record/fixtures.rb:862:in `require_fixture_classes'
/Users/peter/src/newsdesk/vendor/rails/activerecord/lib/active_record/fixtures.rb:845:in `fixtures'
/Users/peter/src/newsdesk/vendor/gems/rspec-rails-1.2.0/lib/spec/rails/extensions/spec/runner/configuration.rb:39:in `global_fixtures='
/Users/peter/src/newsdesk/vendor/plugins/translate/spec/../../../../spec/spec_helper.rb:28
/Library/Ruby/Gems/1.8/gems/rspec-1.2.0/lib/spec/runner.rb:40:in `configure'
/Users/peter/src/newsdesk/vendor/plugins/translate/spec/../../../../spec/spec_helper.rb:10
/Library/Ruby/Site/1.8/rubygems/custom_require.rb:31:in `gem_original_require'
/Library/Ruby/Site/1.8/rubygems/custom_require.rb:31:in `require'
/Users/peter/src/newsdesk/vendor/rails/activesupport/lib/active_support/dependencies.rb:158:in `require'
/Users/peter/src/newsdesk/vendor/plugins/translate/spec/spec_helper.rb:2
/Library/Ruby/Site/1.8/rubygems/custom_require.rb:31:in `gem_original_require'
/Library/Ruby/Site/1.8/rubygems/custom_require.rb:31:in `require'
/Users/peter/src/newsdesk/vendor/rails/activesupport/lib/active_support/dependencies.rb:158:in `require'
./spec/controllers/translate_controller_spec.rb:1
/Users/peter/src/newsdesk/vendor/rails/activesupport/lib/active_support/dependencies.rb:147:in `load_without_new_constant_marking'
/Users/peter/src/newsdesk/vendor/rails/activesupport/lib/active_support/dependencies.rb:147:in `load'
/Library/Ruby/Gems/1.8/gems/rspec-1.2.0/lib/spec/runner/example_group_runner.rb:15:in `load_files'
/Library/Ruby/Gems/1.8/gems/rspec-1.2.0/lib/spec/runner/example_group_runner.rb:14:in `each'
/Library/Ruby/Gems/1.8/gems/rspec-1.2.0/lib/spec/runner/example_group_runner.rb:14:in `load_files'
/Library/Ruby/Gems/1.8/gems/rspec-1.2.0/lib/spec/runner/options.rb:87:in `run_examples'
/Library/Ruby/Gems/1.8/gems/rspec-1.2.0/lib/spec/runner/command_line.rb:9:in `run'
/Library/Ruby/Gems/1.8/gems/rspec-1.2.0/bin/spec:4
Unable to load roles_user, underlying cause no such file to load -- roles_user 

 /Library/Ruby/Site/1.8/rubygems/custom_require.rb:31:in `gem_original_require'
/Library/Ruby/Site/1.8/rubygems/custom_require.rb:31:in `require'
/Users/peter/src/newsdesk/vendor/rails/activesupport/lib/active_support/dependencies.rb:158:in `require'
/Users/peter/src/newsdesk/vendor/rails/activesupport/lib/active_support/dependencies.rb:265:in `require_or_load'
/Users/peter/src/newsdesk/vendor/rails/activesupport/lib/active_support/dependencies.rb:224:in `depend_on'
/Users/peter/src/newsdesk/vendor/rails/activesupport/lib/active_support/dependencies.rb:136:in `require_dependency'
/Users/peter/src/newsdesk/vendor/rails/activerecord/lib/active_record/fixtures.rb:850:in `try_to_load_dependency'
/Users/peter/src/newsdesk/vendor/rails/activerecord/lib/active_record/fixtures.rb:865:in `require_fixture_classes'
/Users/peter/src/newsdesk/vendor/rails/activerecord/lib/active_record/fixtures.rb:862:in `each'
/Users/peter/src/newsdesk/vendor/rails/activerecord/lib/active_record/fixtures.rb:862:in `require_fixture_classes'
/Users/peter/src/newsdesk/vendor/rails/activerecord/lib/active_record/fixtures.rb:845:in `fixtures'
/Users/peter/src/newsdesk/vendor/gems/rspec-rails-1.2.0/lib/spec/rails/extensions/spec/runner/configuration.rb:39:in `global_fixtures='
/Users/peter/src/newsdesk/vendor/plugins/translate/spec/../../../../spec/spec_helper.rb:28
/Library/Ruby/Gems/1.8/gems/rspec-1.2.0/lib/spec/runner.rb:40:in `configure'
/Users/peter/src/newsdesk/vendor/plugins/translate/spec/../../../../spec/spec_helper.rb:10
/Library/Ruby/Site/1.8/rubygems/custom_require.rb:31:in `gem_original_require'
/Library/Ruby/Site/1.8/rubygems/custom_require.rb:31:in `require'
/Users/peter/src/newsdesk/vendor/rails/activesupport/lib/active_support/dependencies.rb:158:in `require'
/Users/peter/src/newsdesk/vendor/plugins/translate/spec/spec_helper.rb:2
/Library/Ruby/Site/1.8/rubygems/custom_require.rb:31:in `gem_original_require'
/Library/Ruby/Site/1.8/rubygems/custom_require.rb:31:in `require'
/Users/peter/src/newsdesk/vendor/rails/activesupport/lib/active_support/dependencies.rb:158:in `require'
./spec/controllers/translate_controller_spec.rb:1
/Users/peter/src/newsdesk/vendor/rails/activesupport/lib/active_support/dependencies.rb:147:in `load_without_new_constant_marking'
/Users/peter/src/newsdesk/vendor/rails/activesupport/lib/active_support/dependencies.rb:147:in `load'
/Library/Ruby/Gems/1.8/gems/rspec-1.2.0/lib/spec/runner/example_group_runner.rb:15:in `load_files'
/Library/Ruby/Gems/1.8/gems/rspec-1.2.0/lib/spec/runner/example_group_runner.rb:14:in `each'
/Library/Ruby/Gems/1.8/gems/rspec-1.2.0/lib/spec/runner/example_group_runner.rb:14:in `load_files'
/Library/Ruby/Gems/1.8/gems/rspec-1.2.0/lib/spec/runner/options.rb:87:in `run_examples'
/Library/Ruby/Gems/1.8/gems/rspec-1.2.0/lib/spec/runner/command_line.rb:9:in `run'
/Library/Ruby/Gems/1.8/gems/rspec-1.2.0/bin/spec:4
Unable to load rights_role, underlying cause no such file to load -- rights_role 

 /Library/Ruby/Site/1.8/rubygems/custom_require.rb:31:in `gem_original_require'
/Library/Ruby/Site/1.8/rubygems/custom_require.rb:31:in `require'
/Users/peter/src/newsdesk/vendor/rails/activesupport/lib/active_support/dependencies.rb:158:in `require'
/Users/peter/src/newsdesk/vendor/rails/activesupport/lib/active_support/dependencies.rb:265:in `require_or_load'
/Users/peter/src/newsdesk/vendor/rails/activesupport/lib/active_support/dependencies.rb:224:in `depend_on'
/Users/peter/src/newsdesk/vendor/rails/activesupport/lib/active_support/dependencies.rb:136:in `require_dependency'
/Users/peter/src/newsdesk/vendor/rails/activerecord/lib/active_record/fixtures.rb:850:in `try_to_load_dependency'
/Users/peter/src/newsdesk/vendor/rails/activerecord/lib/active_record/fixtures.rb:865:in `require_fixture_classes'
/Users/peter/src/newsdesk/vendor/rails/activerecord/lib/active_record/fixtures.rb:862:in `each'
/Users/peter/src/newsdesk/vendor/rails/activerecord/lib/active_record/fixtures.rb:862:in `require_fixture_classes'
/Users/peter/src/newsdesk/vendor/rails/activerecord/lib/active_record/fixtures.rb:845:in `fixtures'
/Users/peter/src/newsdesk/vendor/gems/rspec-rails-1.2.0/lib/spec/rails/extensions/spec/runner/configuration.rb:39:in `global_fixtures='
/Users/peter/src/newsdesk/vendor/plugins/translate/spec/../../../../spec/spec_helper.rb:28
/Library/Ruby/Gems/1.8/gems/rspec-1.2.0/lib/spec/runner.rb:40:in `configure'
/Users/peter/src/newsdesk/vendor/plugins/translate/spec/../../../../spec/spec_helper.rb:10
/Library/Ruby/Site/1.8/rubygems/custom_require.rb:31:in `gem_original_require'
/Library/Ruby/Site/1.8/rubygems/custom_require.rb:31:in `require'
/Users/peter/src/newsdesk/vendor/rails/activesupport/lib/active_support/dependencies.rb:158:in `require'
/Users/peter/src/newsdesk/vendor/plugins/translate/spec/spec_helper.rb:2
/Library/Ruby/Site/1.8/rubygems/custom_require.rb:31:in `gem_original_require'
/Library/Ruby/Site/1.8/rubygems/custom_require.rb:31:in `require'
/Users/peter/src/newsdesk/vendor/rails/activesupport/lib/active_support/dependencies.rb:158:in `require'
./spec/controllers/translate_controller_spec.rb:1
/Users/peter/src/newsdesk/vendor/rails/activesupport/lib/active_support/dependencies.rb:147:in `load_without_new_constant_marking'
/Users/peter/src/newsdesk/vendor/rails/activesupport/lib/active_support/dependencies.rb:147:in `load'
/Library/Ruby/Gems/1.8/gems/rspec-1.2.0/lib/spec/runner/example_group_runner.rb:15:in `load_files'
/Library/Ruby/Gems/1.8/gems/rspec-1.2.0/lib/spec/runner/example_group_runner.rb:14:in `each'
/Library/Ruby/Gems/1.8/gems/rspec-1.2.0/lib/spec/runner/example_group_runner.rb:14:in `load_files'
/Library/Ruby/Gems/1.8/gems/rspec-1.2.0/lib/spec/runner/options.rb:87:in `run_examples'
/Library/Ruby/Gems/1.8/gems/rspec-1.2.0/lib/spec/runner/command_line.rb:9:in `run'
/Library/Ruby/Gems/1.8/gems/rspec-1.2.0/bin/spec:4
Unable to load tag, underlying cause no such file to load -- tag 

 /Library/Ruby/Site/1.8/rubygems/custom_require.rb:31:in `gem_original_require'
/Library/Ruby/Site/1.8/rubygems/custom_require.rb:31:in `require'
/Users/peter/src/newsdesk/vendor/rails/activesupport/lib/active_support/dependencies.rb:158:in `require'
/Users/peter/src/newsdesk/vendor/rails/activesupport/lib/active_support/dependencies.rb:265:in `require_or_load'
/Users/peter/src/newsdesk/vendor/rails/activesupport/lib/active_support/dependencies.rb:224:in `depend_on'
/Users/peter/src/newsdesk/vendor/rails/activesupport/lib/active_support/dependencies.rb:136:in `require_dependency'
/Users/peter/src/newsdesk/vendor/rails/activerecord/lib/active_record/fixtures.rb:850:in `try_to_load_dependency'
/Users/peter/src/newsdesk/vendor/rails/activerecord/lib/active_record/fixtures.rb:865:in `require_fixture_classes'
/Users/peter/src/newsdesk/vendor/rails/activerecord/lib/active_record/fixtures.rb:862:in `each'
/Users/peter/src/newsdesk/vendor/rails/activerecord/lib/active_record/fixtures.rb:862:in `require_fixture_classes'
/Users/peter/src/newsdesk/vendor/rails/activerecord/lib/active_record/fixtures.rb:845:in `fixtures'
/Users/peter/src/newsdesk/vendor/gems/rspec-rails-1.2.0/lib/spec/rails/extensions/spec/runner/configuration.rb:39:in `global_fixtures='
/Users/peter/src/newsdesk/vendor/plugins/translate/spec/../../../../spec/spec_helper.rb:28
/Library/Ruby/Gems/1.8/gems/rspec-1.2.0/lib/spec/runner.rb:40:in `configure'
/Users/peter/src/newsdesk/vendor/plugins/translate/spec/../../../../spec/spec_helper.rb:10
/Library/Ruby/Site/1.8/rubygems/custom_require.rb:31:in `gem_original_require'
/Library/Ruby/Site/1.8/rubygems/custom_require.rb:31:in `require'
/Users/peter/src/newsdesk/vendor/rails/activesupport/lib/active_support/dependencies.rb:158:in `require'
/Users/peter/src/newsdesk/vendor/plugins/translate/spec/spec_helper.rb:2
/Library/Ruby/Site/1.8/rubygems/custom_require.rb:31:in `gem_original_require'
/Library/Ruby/Site/1.8/rubygems/custom_require.rb:31:in `require'
/Users/peter/src/newsdesk/vendor/rails/activesupport/lib/active_support/dependencies.rb:158:in `require'
./spec/controllers/translate_controller_spec.rb:1
/Users/peter/src/newsdesk/vendor/rails/activesupport/lib/active_support/dependencies.rb:147:in `load_without_new_constant_marking'
/Users/peter/src/newsdesk/vendor/rails/activesupport/lib/active_support/dependencies.rb:147:in `load'
/Library/Ruby/Gems/1.8/gems/rspec-1.2.0/lib/spec/runner/example_group_runner.rb:15:in `load_files'
/Library/Ruby/Gems/1.8/gems/rspec-1.2.0/lib/spec/runner/example_group_runner.rb:14:in `each'
/Library/Ruby/Gems/1.8/gems/rspec-1.2.0/lib/spec/runner/example_group_runner.rb:14:in `load_files'
/Library/Ruby/Gems/1.8/gems/rspec-1.2.0/lib/spec/runner/options.rb:87:in `run_examples'
/Library/Ruby/Gems/1.8/gems/rspec-1.2.0/lib/spec/runner/command_line.rb:9:in `run'
/Library/Ruby/Gems/1.8/gems/rspec-1.2.0/bin/spec:4
Unable to load tagging, underlying cause no such file to load -- tagging 

 /Library/Ruby/Site/1.8/rubygems/custom_require.rb:31:in `gem_original_require'
/Library/Ruby/Site/1.8/rubygems/custom_require.rb:31:in `require'
/Users/peter/src/newsdesk/vendor/rails/activesupport/lib/active_support/dependencies.rb:158:in `require'
/Users/peter/src/newsdesk/vendor/rails/activesupport/lib/active_support/dependencies.rb:265:in `require_or_load'
/Users/peter/src/newsdesk/vendor/rails/activesupport/lib/active_support/dependencies.rb:224:in `depend_on'
/Users/peter/src/newsdesk/vendor/rails/activesupport/lib/active_support/dependencies.rb:136:in `require_dependency'
/Users/peter/src/newsdesk/vendor/rails/activerecord/lib/active_record/fixtures.rb:850:in `try_to_load_dependency'
/Users/peter/src/newsdesk/vendor/rails/activerecord/lib/active_record/fixtures.rb:865:in `require_fixture_classes'
/Users/peter/src/newsdesk/vendor/rails/activerecord/lib/active_record/fixtures.rb:862:in `each'
/Users/peter/src/newsdesk/vendor/rails/activerecord/lib/active_record/fixtures.rb:862:in `require_fixture_classes'
/Users/peter/src/newsdesk/vendor/rails/activerecord/lib/active_record/fixtures.rb:845:in `fixtures'
/Users/peter/src/newsdesk/vendor/gems/rspec-rails-1.2.0/lib/spec/rails/extensions/spec/runner/configuration.rb:39:in `global_fixtures='
/Users/peter/src/newsdesk/vendor/plugins/translate/spec/../../../../spec/spec_helper.rb:28
/Library/Ruby/Gems/1.8/gems/rspec-1.2.0/lib/spec/runner.rb:40:in `configure'
/Users/peter/src/newsdesk/vendor/plugins/translate/spec/../../../../spec/spec_helper.rb:10
/Library/Ruby/Site/1.8/rubygems/custom_require.rb:31:in `gem_original_require'
/Library/Ruby/Site/1.8/rubygems/custom_require.rb:31:in `require'
/Users/peter/src/newsdesk/vendor/rails/activesupport/lib/active_support/dependencies.rb:158:in `require'
/Users/peter/src/newsdesk/vendor/plugins/translate/spec/spec_helper.rb:2
/Library/Ruby/Site/1.8/rubygems/custom_require.rb:31:in `gem_original_require'
/Library/Ruby/Site/1.8/rubygems/custom_require.rb:31:in `require'
/Users/peter/src/newsdesk/vendor/rails/activesupport/lib/active_support/dependencies.rb:158:in `require'
./spec/controllers/translate_controller_spec.rb:1
/Users/peter/src/newsdesk/vendor/rails/activesupport/lib/active_support/dependencies.rb:147:in `load_without_new_constant_marking'
/Users/peter/src/newsdesk/vendor/rails/activesupport/lib/active_support/dependencies.rb:147:in `load'
/Library/Ruby/Gems/1.8/gems/rspec-1.2.0/lib/spec/runner/example_group_runner.rb:15:in `load_files'
/Library/Ruby/Gems/1.8/gems/rspec-1.2.0/lib/spec/runner/example_group_runner.rb:14:in `each'
/Library/Ruby/Gems/1.8/gems/rspec-1.2.0/lib/spec/runner/example_group_runner.rb:14:in `load_files'
/Library/Ruby/Gems/1.8/gems/rspec-1.2.0/lib/spec/runner/options.rb:87:in `run_examples'
/Library/Ruby/Gems/1.8/gems/rspec-1.2.0/lib/spec/runner/command_line.rb:9:in `run'
/Library/Ruby/Gems/1.8/gems/rspec-1.2.0/bin/spec:4
Unable to load category_translation, underlying cause no such file to load -- category_translation 

 /Library/Ruby/Site/1.8/rubygems/custom_require.rb:31:in `gem_original_require'
/Library/Ruby/Site/1.8/rubygems/custom_require.rb:31:in `require'
/Users/peter/src/newsdesk/vendor/rails/activesupport/lib/active_support/dependencies.rb:158:in `require'
/Users/peter/src/newsdesk/vendor/rails/activesupport/lib/active_support/dependencies.rb:265:in `require_or_load'
/Users/peter/src/newsdesk/vendor/rails/activesupport/lib/active_support/dependencies.rb:224:in `depend_on'
/Users/peter/src/newsdesk/vendor/rails/activesupport/lib/active_support/dependencies.rb:136:in `require_dependency'
/Users/peter/src/newsdesk/vendor/rails/activerecord/lib/active_record/fixtures.rb:850:in `try_to_load_dependency'
/Users/peter/src/newsdesk/vendor/rails/activerecord/lib/active_record/fixtures.rb:865:in `require_fixture_classes'
/Users/peter/src/newsdesk/vendor/rails/activerecord/lib/active_record/fixtures.rb:862:in `each'
/Users/peter/src/newsdesk/vendor/rails/activerecord/lib/active_record/fixtures.rb:862:in `require_fixture_classes'
/Users/peter/src/newsdesk/vendor/rails/activerecord/lib/active_record/fixtures.rb:845:in `fixtures'
/Users/peter/src/newsdesk/vendor/gems/rspec-rails-1.2.0/lib/spec/rails/extensions/spec/runner/configuration.rb:39:in `global_fixtures='
/Users/peter/src/newsdesk/vendor/plugins/translate/spec/../../../../spec/spec_helper.rb:28
/Library/Ruby/Gems/1.8/gems/rspec-1.2.0/lib/spec/runner.rb:40:in `configure'
/Users/peter/src/newsdesk/vendor/plugins/translate/spec/../../../../spec/spec_helper.rb:10
/Library/Ruby/Site/1.8/rubygems/custom_require.rb:31:in `gem_original_require'
/Library/Ruby/Site/1.8/rubygems/custom_require.rb:31:in `require'
/Users/peter/src/newsdesk/vendor/rails/activesupport/lib/active_support/dependencies.rb:158:in `require'
/Users/peter/src/newsdesk/vendor/plugins/translate/spec/spec_helper.rb:2
/Library/Ruby/Site/1.8/rubygems/custom_require.rb:31:in `gem_original_require'
/Library/Ruby/Site/1.8/rubygems/custom_require.rb:31:in `require'
/Users/peter/src/newsdesk/vendor/rails/activesupport/lib/active_support/dependencies.rb:158:in `require'
./spec/controllers/translate_controller_spec.rb:1
/Users/peter/src/newsdesk/vendor/rails/activesupport/lib/active_support/dependencies.rb:147:in `load_without_new_constant_marking'
/Users/peter/src/newsdesk/vendor/rails/activesupport/lib/active_support/dependencies.rb:147:in `load'
/Library/Ruby/Gems/1.8/gems/rspec-1.2.0/lib/spec/runner/example_group_runner.rb:15:in `load_files'
/Library/Ruby/Gems/1.8/gems/rspec-1.2.0/lib/spec/runner/example_group_runner.rb:14:in `each'
/Library/Ruby/Gems/1.8/gems/rspec-1.2.0/lib/spec/runner/example_group_runner.rb:14:in `load_files'
/Library/Ruby/Gems/1.8/gems/rspec-1.2.0/lib/spec/runner/options.rb:87:in `run_examples'
/Library/Ruby/Gems/1.8/gems/rspec-1.2.0/lib/spec/runner/command_line.rb:9:in `run'
/Library/Ruby/Gems/1.8/gems/rspec-1.2.0/bin/spec:4
Unable to load categories_source, underlying cause no such file to load -- categories_source 

 /Library/Ruby/Site/1.8/rubygems/custom_require.rb:31:in `gem_original_require'
/Library/Ruby/Site/1.8/rubygems/custom_require.rb:31:in `require'
/Users/peter/src/newsdesk/vendor/rails/activesupport/lib/active_support/dependencies.rb:158:in `require'
/Users/peter/src/newsdesk/vendor/rails/activesupport/lib/active_support/dependencies.rb:265:in `require_or_load'
/Users/peter/src/newsdesk/vendor/rails/activesupport/lib/active_support/dependencies.rb:224:in `depend_on'
/Users/peter/src/newsdesk/vendor/rails/activesupport/lib/active_support/dependencies.rb:136:in `require_dependency'
/Users/peter/src/newsdesk/vendor/rails/activerecord/lib/active_record/fixtures.rb:850:in `try_to_load_dependency'
/Users/peter/src/newsdesk/vendor/rails/activerecord/lib/active_record/fixtures.rb:865:in `require_fixture_classes'
/Users/peter/src/newsdesk/vendor/rails/activerecord/lib/active_record/fixtures.rb:862:in `each'
/Users/peter/src/newsdesk/vendor/rails/activerecord/lib/active_record/fixtures.rb:862:in `require_fixture_classes'
/Users/peter/src/newsdesk/vendor/rails/activerecord/lib/active_record/fixtures.rb:845:in `fixtures'
/Users/peter/src/newsdesk/vendor/gems/rspec-rails-1.2.0/lib/spec/rails/extensions/spec/runner/configuration.rb:39:in `global_fixtures='
/Users/peter/src/newsdesk/vendor/plugins/translate/spec/../../../../spec/spec_helper.rb:28
/Library/Ruby/Gems/1.8/gems/rspec-1.2.0/lib/spec/runner.rb:40:in `configure'
/Users/peter/src/newsdesk/vendor/plugins/translate/spec/../../../../spec/spec_helper.rb:10
/Library/Ruby/Site/1.8/rubygems/custom_require.rb:31:in `gem_original_require'
/Library/Ruby/Site/1.8/rubygems/custom_require.rb:31:in `require'
/Users/peter/src/newsdesk/vendor/rails/activesupport/lib/active_support/dependencies.rb:158:in `require'
/Users/peter/src/newsdesk/vendor/plugins/translate/spec/spec_helper.rb:2
/Library/Ruby/Site/1.8/rubygems/custom_require.rb:31:in `gem_original_require'
/Library/Ruby/Site/1.8/rubygems/custom_require.rb:31:in `require'
/Users/peter/src/newsdesk/vendor/rails/activesupport/lib/active_support/dependencies.rb:158:in `require'
./spec/controllers/translate_controller_spec.rb:1
/Users/peter/src/newsdesk/vendor/rails/activesupport/lib/active_support/dependencies.rb:147:in `load_without_new_constant_marking'
/Users/peter/src/newsdesk/vendor/rails/activesupport/lib/active_support/dependencies.rb:147:in `load'
/Library/Ruby/Gems/1.8/gems/rspec-1.2.0/lib/spec/runner/example_group_runner.rb:15:in `load_files'
/Library/Ruby/Gems/1.8/gems/rspec-1.2.0/lib/spec/runner/example_group_runner.rb:14:in `each'
/Library/Ruby/Gems/1.8/gems/rspec-1.2.0/lib/spec/runner/example_group_runner.rb:14:in `load_files'
/Library/Ruby/Gems/1.8/gems/rspec-1.2.0/lib/spec/runner/options.rb:87:in `run_examples'
/Library/Ruby/Gems/1.8/gems/rspec-1.2.0/lib/spec/runner/command_line.rb:9:in `run'
/Library/Ruby/Gems/1.8/gems/rspec-1.2.0/bin/spec:4
Unable to load roles_user, underlying cause no such file to load -- roles_user 

 /Library/Ruby/Site/1.8/rubygems/custom_require.rb:31:in `gem_original_require'
/Library/Ruby/Site/1.8/rubygems/custom_require.rb:31:in `require'
/Users/peter/src/newsdesk/vendor/rails/activesupport/lib/active_support/dependencies.rb:158:in `require'
/Users/peter/src/newsdesk/vendor/rails/activesupport/lib/active_support/dependencies.rb:265:in `require_or_load'
/Users/peter/src/newsdesk/vendor/rails/activesupport/lib/active_support/dependencies.rb:224:in `depend_on'
/Users/peter/src/newsdesk/vendor/rails/activesupport/lib/active_support/dependencies.rb:136:in `require_dependency'
/Users/peter/src/newsdesk/vendor/rails/activerecord/lib/active_record/fixtures.rb:850:in `try_to_load_dependency'
/Users/peter/src/newsdesk/vendor/rails/activerecord/lib/active_record/fixtures.rb:865:in `require_fixture_classes'
/Users/peter/src/newsdesk/vendor/rails/activerecord/lib/active_record/fixtures.rb:862:in `each'
/Users/peter/src/newsdesk/vendor/rails/activerecord/lib/active_record/fixtures.rb:862:in `require_fixture_classes'
/Users/peter/src/newsdesk/vendor/rails/activerecord/lib/active_record/fixtures.rb:845:in `fixtures'
/Users/peter/src/newsdesk/vendor/gems/rspec-rails-1.2.0/lib/spec/rails/extensions/spec/runner/configuration.rb:39:in `global_fixtures='
/Users/peter/src/newsdesk/vendor/plugins/translate/spec/../../../../spec/spec_helper.rb:28
/Library/Ruby/Gems/1.8/gems/rspec-1.2.0/lib/spec/runner.rb:40:in `configure'
/Users/peter/src/newsdesk/vendor/plugins/translate/spec/../../../../spec/spec_helper.rb:10
/Library/Ruby/Site/1.8/rubygems/custom_require.rb:31:in `gem_original_require'
/Library/Ruby/Site/1.8/rubygems/custom_require.rb:31:in `require'
/Users/peter/src/newsdesk/vendor/rails/activesupport/lib/active_support/dependencies.rb:158:in `require'
/Users/peter/src/newsdesk/vendor/plugins/translate/spec/spec_helper.rb:2
/Library/Ruby/Site/1.8/rubygems/custom_require.rb:31:in `gem_original_require'
/Library/Ruby/Site/1.8/rubygems/custom_require.rb:31:in `require'
/Users/peter/src/newsdesk/vendor/rails/activesupport/lib/active_support/dependencies.rb:158:in `require'
./spec/controllers/translate_controller_spec.rb:1
/Users/peter/src/newsdesk/vendor/rails/activesupport/lib/active_support/dependencies.rb:147:in `load_without_new_constant_marking'
/Users/peter/src/newsdesk/vendor/rails/activesupport/lib/active_support/dependencies.rb:147:in `load'
/Library/Ruby/Gems/1.8/gems/rspec-1.2.0/lib/spec/runner/example_group_runner.rb:15:in `load_files'
/Library/Ruby/Gems/1.8/gems/rspec-1.2.0/lib/spec/runner/example_group_runner.rb:14:in `each'
/Library/Ruby/Gems/1.8/gems/rspec-1.2.0/lib/spec/runner/example_group_runner.rb:14:in `load_files'
/Library/Ruby/Gems/1.8/gems/rspec-1.2.0/lib/spec/runner/options.rb:87:in `run_examples'
/Library/Ruby/Gems/1.8/gems/rspec-1.2.0/lib/spec/runner/command_line.rb:9:in `run'
/Library/Ruby/Gems/1.8/gems/rspec-1.2.0/bin/spec:4
Unable to load rights_role, underlying cause no such file to load -- rights_role 

 /Library/Ruby/Site/1.8/rubygems/custom_require.rb:31:in `gem_original_require'
/Library/Ruby/Site/1.8/rubygems/custom_require.rb:31:in `require'
/Users/peter/src/newsdesk/vendor/rails/activesupport/lib/active_support/dependencies.rb:158:in `require'
/Users/peter/src/newsdesk/vendor/rails/activesupport/lib/active_support/dependencies.rb:265:in `require_or_load'
/Users/peter/src/newsdesk/vendor/rails/activesupport/lib/active_support/dependencies.rb:224:in `depend_on'
/Users/peter/src/newsdesk/vendor/rails/activesupport/lib/active_support/dependencies.rb:136:in `require_dependency'
/Users/peter/src/newsdesk/vendor/rails/activerecord/lib/active_record/fixtures.rb:850:in `try_to_load_dependency'
/Users/peter/src/newsdesk/vendor/rails/activerecord/lib/active_record/fixtures.rb:865:in `require_fixture_classes'
/Users/peter/src/newsdesk/vendor/rails/activerecord/lib/active_record/fixtures.rb:862:in `each'
/Users/peter/src/newsdesk/vendor/rails/activerecord/lib/active_record/fixtures.rb:862:in `require_fixture_classes'
/Users/peter/src/newsdesk/vendor/rails/activerecord/lib/active_record/fixtures.rb:845:in `fixtures'
/Users/peter/src/newsdesk/vendor/gems/rspec-rails-1.2.0/lib/spec/rails/extensions/spec/runner/configuration.rb:39:in `global_fixtures='
/Users/peter/src/newsdesk/vendor/plugins/translate/spec/../../../../spec/spec_helper.rb:28
/Library/Ruby/Gems/1.8/gems/rspec-1.2.0/lib/spec/runner.rb:40:in `configure'
/Users/peter/src/newsdesk/vendor/plugins/translate/spec/../../../../spec/spec_helper.rb:10
/Library/Ruby/Site/1.8/rubygems/custom_require.rb:31:in `gem_original_require'
/Library/Ruby/Site/1.8/rubygems/custom_require.rb:31:in `require'
/Users/peter/src/newsdesk/vendor/rails/activesupport/lib/active_support/dependencies.rb:158:in `require'
/Users/peter/src/newsdesk/vendor/plugins/translate/spec/spec_helper.rb:2
/Library/Ruby/Site/1.8/rubygems/custom_require.rb:31:in `gem_original_require'
/Library/Ruby/Site/1.8/rubygems/custom_require.rb:31:in `require'
/Users/peter/src/newsdesk/vendor/rails/activesupport/lib/active_support/dependencies.rb:158:in `require'
./spec/controllers/translate_controller_spec.rb:1
/Users/peter/src/newsdesk/vendor/rails/activesupport/lib/active_support/dependencies.rb:147:in `load_without_new_constant_marking'
/Users/peter/src/newsdesk/vendor/rails/activesupport/lib/active_support/dependencies.rb:147:in `load'
/Library/Ruby/Gems/1.8/gems/rspec-1.2.0/lib/spec/runner/example_group_runner.rb:15:in `load_files'
/Library/Ruby/Gems/1.8/gems/rspec-1.2.0/lib/spec/runner/example_group_runner.rb:14:in `each'
/Library/Ruby/Gems/1.8/gems/rspec-1.2.0/lib/spec/runner/example_group_runner.rb:14:in `load_files'
/Library/Ruby/Gems/1.8/gems/rspec-1.2.0/lib/spec/runner/options.rb:87:in `run_examples'
/Library/Ruby/Gems/1.8/gems/rspec-1.2.0/lib/spec/runner/command_line.rb:9:in `run'
/Library/Ruby/Gems/1.8/gems/rspec-1.2.0/bin/spec:4
Unable to load tag, underlying cause no such file to load -- tag 

 /Library/Ruby/Site/1.8/rubygems/custom_require.rb:31:in `gem_original_require'
/Library/Ruby/Site/1.8/rubygems/custom_require.rb:31:in `require'
/Users/peter/src/newsdesk/vendor/rails/activesupport/lib/active_support/dependencies.rb:158:in `require'
/Users/peter/src/newsdesk/vendor/rails/activesupport/lib/active_support/dependencies.rb:265:in `require_or_load'
/Users/peter/src/newsdesk/vendor/rails/activesupport/lib/active_support/dependencies.rb:224:in `depend_on'
/Users/peter/src/newsdesk/vendor/rails/activesupport/lib/active_support/dependencies.rb:136:in `require_dependency'
/Users/peter/src/newsdesk/vendor/rails/activerecord/lib/active_record/fixtures.rb:850:in `try_to_load_dependency'
/Users/peter/src/newsdesk/vendor/rails/activerecord/lib/active_record/fixtures.rb:865:in `require_fixture_classes'
/Users/peter/src/newsdesk/vendor/rails/activerecord/lib/active_record/fixtures.rb:862:in `each'
/Users/peter/src/newsdesk/vendor/rails/activerecord/lib/active_record/fixtures.rb:862:in `require_fixture_classes'
/Users/peter/src/newsdesk/vendor/rails/activerecord/lib/active_record/fixtures.rb:845:in `fixtures'
/Users/peter/src/newsdesk/vendor/gems/rspec-rails-1.2.0/lib/spec/rails/extensions/spec/runner/configuration.rb:39:in `global_fixtures='
/Users/peter/src/newsdesk/vendor/plugins/translate/spec/../../../../spec/spec_helper.rb:28
/Library/Ruby/Gems/1.8/gems/rspec-1.2.0/lib/spec/runner.rb:40:in `configure'
/Users/peter/src/newsdesk/vendor/plugins/translate/spec/../../../../spec/spec_helper.rb:10
/Library/Ruby/Site/1.8/rubygems/custom_require.rb:31:in `gem_original_require'
/Library/Ruby/Site/1.8/rubygems/custom_require.rb:31:in `require'
/Users/peter/src/newsdesk/vendor/rails/activesupport/lib/active_support/dependencies.rb:158:in `require'
/Users/peter/src/newsdesk/vendor/plugins/translate/spec/spec_helper.rb:2
/Library/Ruby/Site/1.8/rubygems/custom_require.rb:31:in `gem_original_require'
/Library/Ruby/Site/1.8/rubygems/custom_require.rb:31:in `require'
/Users/peter/src/newsdesk/vendor/rails/activesupport/lib/active_support/dependencies.rb:158:in `require'
./spec/controllers/translate_controller_spec.rb:1
/Users/peter/src/newsdesk/vendor/rails/activesupport/lib/active_support/dependencies.rb:147:in `load_without_new_constant_marking'
/Users/peter/src/newsdesk/vendor/rails/activesupport/lib/active_support/dependencies.rb:147:in `load'
/Library/Ruby/Gems/1.8/gems/rspec-1.2.0/lib/spec/runner/example_group_runner.rb:15:in `load_files'
/Library/Ruby/Gems/1.8/gems/rspec-1.2.0/lib/spec/runner/example_group_runner.rb:14:in `each'
/Library/Ruby/Gems/1.8/gems/rspec-1.2.0/lib/spec/runner/example_group_runner.rb:14:in `load_files'
/Library/Ruby/Gems/1.8/gems/rspec-1.2.0/lib/spec/runner/options.rb:87:in `run_examples'
/Library/Ruby/Gems/1.8/gems/rspec-1.2.0/lib/spec/runner/command_line.rb:9:in `run'
/Library/Ruby/Gems/1.8/gems/rspec-1.2.0/bin/spec:4
Unable to load tagging, underlying cause no such file to load -- tagging 

 /Library/Ruby/Site/1.8/rubygems/custom_require.rb:31:in `gem_original_require'
/Library/Ruby/Site/1.8/rubygems/custom_require.rb:31:in `require'
/Users/peter/src/newsdesk/vendor/rails/activesupport/lib/active_support/dependencies.rb:158:in `require'
/Users/peter/src/newsdesk/vendor/rails/activesupport/lib/active_support/dependencies.rb:265:in `require_or_load'
/Users/peter/src/newsdesk/vendor/rails/activesupport/lib/active_support/dependencies.rb:224:in `depend_on'
/Users/peter/src/newsdesk/vendor/rails/activesupport/lib/active_support/dependencies.rb:136:in `require_dependency'
/Users/peter/src/newsdesk/vendor/rails/activerecord/lib/active_record/fixtures.rb:850:in `try_to_load_dependency'
/Users/peter/src/newsdesk/vendor/rails/activerecord/lib/active_record/fixtures.rb:865:in `require_fixture_classes'
/Users/peter/src/newsdesk/vendor/rails/activerecord/lib/active_record/fixtures.rb:862:in `each'
/Users/peter/src/newsdesk/vendor/rails/activerecord/lib/active_record/fixtures.rb:862:in `require_fixture_classes'
/Users/peter/src/newsdesk/vendor/rails/activerecord/lib/active_record/fixtures.rb:845:in `fixtures'
/Users/peter/src/newsdesk/vendor/gems/rspec-rails-1.2.0/lib/spec/rails/extensions/spec/runner/configuration.rb:39:in `global_fixtures='
/Users/peter/src/newsdesk/vendor/plugins/translate/spec/../../../../spec/spec_helper.rb:28
/Library/Ruby/Gems/1.8/gems/rspec-1.2.0/lib/spec/runner.rb:40:in `configure'
/Users/peter/src/newsdesk/vendor/plugins/translate/spec/../../../../spec/spec_helper.rb:10
/Library/Ruby/Site/1.8/rubygems/custom_require.rb:31:in `gem_original_require'
/Library/Ruby/Site/1.8/rubygems/custom_require.rb:31:in `require'
/Users/peter/src/newsdesk/vendor/rails/activesupport/lib/active_support/dependencies.rb:158:in `require'
/Users/peter/src/newsdesk/vendor/plugins/translate/spec/spec_helper.rb:2
/Library/Ruby/Site/1.8/rubygems/custom_require.rb:31:in `gem_original_require'
/Library/Ruby/Site/1.8/rubygems/custom_require.rb:31:in `require'
/Users/peter/src/newsdesk/vendor/rails/activesupport/lib/active_support/dependencies.rb:158:in `require'
./spec/controllers/translate_controller_spec.rb:1
/Users/peter/src/newsdesk/vendor/rails/activesupport/lib/active_support/dependencies.rb:147:in `load_without_new_constant_marking'
/Users/peter/src/newsdesk/vendor/rails/activesupport/lib/active_support/dependencies.rb:147:in `load'
/Library/Ruby/Gems/1.8/gems/rspec-1.2.0/lib/spec/runner/example_group_runner.rb:15:in `load_files'
/Library/Ruby/Gems/1.8/gems/rspec-1.2.0/lib/spec/runner/example_group_runner.rb:14:in `each'
/Library/Ruby/Gems/1.8/gems/rspec-1.2.0/lib/spec/runner/example_group_runner.rb:14:in `load_files'
/Library/Ruby/Gems/1.8/gems/rspec-1.2.0/lib/spec/runner/options.rb:87:in `run_examples'
/Library/Ruby/Gems/1.8/gems/rspec-1.2.0/lib/spec/runner/command_line.rb:9:in `run'
/Library/Ruby/Gems/1.8/gems/rspec-1.2.0/bin/spec:4
Unable to load category_translation, underlying cause no such file to load -- category_translation 

 /Library/Ruby/Site/1.8/rubygems/custom_require.rb:31:in `gem_original_require'
/Library/Ruby/Site/1.8/rubygems/custom_require.rb:31:in `require'
/Users/peter/src/newsdesk/vendor/rails/activesupport/lib/active_support/dependencies.rb:158:in `require'
/Users/peter/src/newsdesk/vendor/rails/activesupport/lib/active_support/dependencies.rb:265:in `require_or_load'
/Users/peter/src/newsdesk/vendor/rails/activesupport/lib/active_support/dependencies.rb:224:in `depend_on'
/Users/peter/src/newsdesk/vendor/rails/activesupport/lib/active_support/dependencies.rb:136:in `require_dependency'
/Users/peter/src/newsdesk/vendor/rails/activerecord/lib/active_record/fixtures.rb:850:in `try_to_load_dependency'
/Users/peter/src/newsdesk/vendor/rails/activerecord/lib/active_record/fixtures.rb:865:in `require_fixture_classes'
/Users/peter/src/newsdesk/vendor/rails/activerecord/lib/active_record/fixtures.rb:862:in `each'
/Users/peter/src/newsdesk/vendor/rails/activerecord/lib/active_record/fixtures.rb:862:in `require_fixture_classes'
/Users/peter/src/newsdesk/vendor/rails/activerecord/lib/active_record/fixtures.rb:845:in `fixtures'
/Users/peter/src/newsdesk/vendor/gems/rspec-rails-1.2.0/lib/spec/rails/extensions/spec/runner/configuration.rb:39:in `global_fixtures='
/Users/peter/src/newsdesk/vendor/plugins/translate/spec/../../../../spec/spec_helper.rb:28
/Library/Ruby/Gems/1.8/gems/rspec-1.2.0/lib/spec/runner.rb:40:in `configure'
/Users/peter/src/newsdesk/vendor/plugins/translate/spec/../../../../spec/spec_helper.rb:10
/Library/Ruby/Site/1.8/rubygems/custom_require.rb:31:in `gem_original_require'
/Library/Ruby/Site/1.8/rubygems/custom_require.rb:31:in `require'
/Users/peter/src/newsdesk/vendor/rails/activesupport/lib/active_support/dependencies.rb:158:in `require'
/Users/peter/src/newsdesk/vendor/plugins/translate/spec/spec_helper.rb:2
/Library/Ruby/Site/1.8/rubygems/custom_require.rb:31:in `gem_original_require'
/Library/Ruby/Site/1.8/rubygems/custom_require.rb:31:in `require'
/Users/peter/src/newsdesk/vendor/rails/activesupport/lib/active_support/dependencies.rb:158:in `require'
./spec/controllers/translate_controller_spec.rb:1
/Users/peter/src/newsdesk/vendor/rails/activesupport/lib/active_support/dependencies.rb:147:in `load_without_new_constant_marking'
/Users/peter/src/newsdesk/vendor/rails/activesupport/lib/active_support/dependencies.rb:147:in `load'
/Library/Ruby/Gems/1.8/gems/rspec-1.2.0/lib/spec/runner/example_group_runner.rb:15:in `load_files'
/Library/Ruby/Gems/1.8/gems/rspec-1.2.0/lib/spec/runner/example_group_runner.rb:14:in `each'
/Library/Ruby/Gems/1.8/gems/rspec-1.2.0/lib/spec/runner/example_group_runner.rb:14:in `load_files'
/Library/Ruby/Gems/1.8/gems/rspec-1.2.0/lib/spec/runner/options.rb:87:in `run_examples'
/Library/Ruby/Gems/1.8/gems/rspec-1.2.0/lib/spec/runner/command_line.rb:9:in `run'
/Library/Ruby/Gems/1.8/gems/rspec-1.2.0/bin/spec:4
Unable to load categories_source, underlying cause no such file to load -- categories_source 

 /Library/Ruby/Site/1.8/rubygems/custom_require.rb:31:in `gem_original_require'
/Library/Ruby/Site/1.8/rubygems/custom_require.rb:31:in `require'
/Users/peter/src/newsdesk/vendor/rails/activesupport/lib/active_support/dependencies.rb:158:in `require'
/Users/peter/src/newsdesk/vendor/rails/activesupport/lib/active_support/dependencies.rb:265:in `require_or_load'
/Users/peter/src/newsdesk/vendor/rails/activesupport/lib/active_support/dependencies.rb:224:in `depend_on'
/Users/peter/src/newsdesk/vendor/rails/activesupport/lib/active_support/dependencies.rb:136:in `require_dependency'
/Users/peter/src/newsdesk/vendor/rails/activerecord/lib/active_record/fixtures.rb:850:in `try_to_load_dependency'
/Users/peter/src/newsdesk/vendor/rails/activerecord/lib/active_record/fixtures.rb:865:in `require_fixture_classes'
/Users/peter/src/newsdesk/vendor/rails/activerecord/lib/active_record/fixtures.rb:862:in `each'
/Users/peter/src/newsdesk/vendor/rails/activerecord/lib/active_record/fixtures.rb:862:in `require_fixture_classes'
/Users/peter/src/newsdesk/vendor/rails/activerecord/lib/active_record/fixtures.rb:845:in `fixtures'
/Users/peter/src/newsdesk/vendor/gems/rspec-rails-1.2.0/lib/spec/rails/extensions/spec/runner/configuration.rb:39:in `global_fixtures='
/Users/peter/src/newsdesk/vendor/plugins/translate/spec/../../../../spec/spec_helper.rb:28
/Library/Ruby/Gems/1.8/gems/rspec-1.2.0/lib/spec/runner.rb:40:in `configure'
/Users/peter/src/newsdesk/vendor/plugins/translate/spec/../../../../spec/spec_helper.rb:10
/Library/Ruby/Site/1.8/rubygems/custom_require.rb:31:in `gem_original_require'
/Library/Ruby/Site/1.8/rubygems/custom_require.rb:31:in `require'
/Users/peter/src/newsdesk/vendor/rails/activesupport/lib/active_support/dependencies.rb:158:in `require'
/Users/peter/src/newsdesk/vendor/plugins/translate/spec/spec_helper.rb:2
/Library/Ruby/Site/1.8/rubygems/custom_require.rb:31:in `gem_original_require'
/Library/Ruby/Site/1.8/rubygems/custom_require.rb:31:in `require'
/Users/peter/src/newsdesk/vendor/rails/activesupport/lib/active_support/dependencies.rb:158:in `require'
./spec/controllers/translate_controller_spec.rb:1
/Users/peter/src/newsdesk/vendor/rails/activesupport/lib/active_support/dependencies.rb:147:in `load_without_new_constant_marking'
/Users/peter/src/newsdesk/vendor/rails/activesupport/lib/active_support/dependencies.rb:147:in `load'
/Library/Ruby/Gems/1.8/gems/rspec-1.2.0/lib/spec/runner/example_group_runner.rb:15:in `load_files'
/Library/Ruby/Gems/1.8/gems/rspec-1.2.0/lib/spec/runner/example_group_runner.rb:14:in `each'
/Library/Ruby/Gems/1.8/gems/rspec-1.2.0/lib/spec/runner/example_group_runner.rb:14:in `load_files'
/Library/Ruby/Gems/1.8/gems/rspec-1.2.0/lib/spec/runner/options.rb:87:in `run_examples'
/Library/Ruby/Gems/1.8/gems/rspec-1.2.0/lib/spec/runner/command_line.rb:9:in `run'
/Library/Ruby/Gems/1.8/gems/rspec-1.2.0/bin/spec:4
